Using pre-set license
Built from '2020.3/staging' branch; Version is '2020.3.6f1 (338bb68529b2) revision 3378102'; Using compiler version '192528614'; Build Type 'Release'
OS: 'Windows 10 Pro; OS build 19042.985; Version 2009; 64bit' Language: 'en' Physical Memory: 8085 MB
BatchMode: 1, IsHumanControllingUs: 0, StartBugReporterOnCrash: 0, Is64bit: 1, IsPro: 0

 COMMAND LINE ARGUMENTS:
C:\Program Files\Sublime Text 3\2020.3.6f1\Editor\Unity.exe
-adb2
-batchMode
-noUpm
-name
AssetImportWorker0
-projectPath
D:/Unity Game Dev/Ar Foundation By DP
-logFile
Logs/AssetImportWorker0.log
-srvPort
61930
Successfully changed project path to: D:/Unity Game Dev/Ar Foundation By DP
D:/Unity Game Dev/Ar Foundation By DP
Using Asset Import Pipeline V2.
Refreshing native plugins compatible for Editor in 103.94 ms, found 0 plugins.
Preloading 0 native plugins for Editor in 0.00 ms.
Initialize engine version: 2020.3.6f1 (338bb68529b2)
[Subsystems] Discovering subsystems at path C:/Program Files/Sublime Text 3/2020.3.6f1/Editor/Data/Resources/UnitySubsystems
[Subsystems] Discovering subsystems at path D:/Unity Game Dev/Ar Foundation By DP/Assets
GfxDevice: creating device client; threaded=0
Direct3D:
    Version:  Direct3D 11.0 [level 11.0]
    Renderer: Intel(R) HD Graphics (ID=0x152)
    Vendor:   
    VRAM:     128 MB
    Driver:   10.18.10.5161
Initialize mono
Mono path[0] = 'C:/Program Files/Sublime Text 3/2020.3.6f1/Editor/Data/Managed'
Mono path[1] = 'C:/Program Files/Sublime Text 3/2020.3.6f1/Editor/Data/MonoBleedingEdge/lib/mono/unityjit'
Mono config path = 'C:/Program Files/Sublime Text 3/2020.3.6f1/Editor/Data/MonoBleedingEdge/etc'
Using monoOptions --debugger-agent=transport=dt_socket,embedding=1,server=y,suspend=n,address=127.0.0.1:56532
Begin MonoManager ReloadAssembly
Registering precompiled unity dll's ...
Register platform support module: C:/Program Files/Sublime Text 3/2020.3.6f1/Editor/Data/PlaybackEngines/WebGLSupport/UnityEditor.WebGL.Extensions.dll
Register platform support module: C:/Program Files/Sublime Text 3/2020.3.6f1/Editor/Data/PlaybackEngines/WindowsStandaloneSupport/UnityEditor.WindowsStandalone.Extensions.dll
Registered in 0.003726 seconds.
Native extension for WindowsStandalone target not found
Native extension for WebGL target not found
Refreshing native plugins compatible for Editor in 81.34 ms, found 0 plugins.
Preloading 0 native plugins for Editor in 0.00 ms.
Mono: successfully reloaded assembly
- Completed reload, in  4.782 seconds
Platform modules already initialized, skipping
Registering precompiled user dll's ...
Registered in 0.000865 seconds.
Begin MonoManager ReloadAssembly
Native extension for WindowsStandalone target not found
Native extension for WebGL target not found
Refreshing native plugins compatible for Editor in 0.41 ms, found 0 plugins.
Preloading 0 native plugins for Editor in 0.00 ms.
Mono: successfully reloaded assembly
- Completed reload, in  1.869 seconds
Platform modules already initialized, skipping
========================================================================
Worker process is ready to serve import requests
Launched and connected shader compiler UnityShaderCompiler.exe after 0.26 seconds
Refreshing native plugins compatible for Editor in 0.42 ms, found 0 plugins.
Preloading 0 native plugins for Editor in 0.00 ms.
Unloading 1478 Unused Serialized files (Serialized files now loaded: 0)
System memory in use before: 70.1 MB.
System memory in use after: 46.8 MB.

Unloading 12 unused Assets to reduce memory usage. Loaded Objects now: 1921.
Total: 5.626000 ms (FindLiveObjects: 0.284400 ms CreateObjectMapping: 0.167500 ms MarkObjects: 5.006000 ms  DeleteObjects: 0.165300 ms)

========================================================================
Received Import Request.
  path: Assets/Textures
  artifactKey: Guid(d78511f3938bf8847bc83058c0dde0a5) Importer(815301076,1909f56bfc062723c751e8b465ee728b)
Start importing Assets/Textures using Guid(d78511f3938bf8847bc83058c0dde0a5) Importer(815301076,1909f56bfc062723c751e8b465ee728b)  -> (artifact id: '4ae794430e5cb1a12f23068cd6a5633d') in 0.086759 seconds
  Import took 0.092826 seconds .

========================================================================
Received Import Request.
  Time since last request: 9.877579 seconds.
  path: Assets/Textures/PlanePatternDot.png
  artifactKey: Guid(7ce8029627a4ca64a82e3589df021c96) Importer(815301076,1909f56bfc062723c751e8b465ee728b)
Start importing Assets/Textures/PlanePatternDot.png using Guid(7ce8029627a4ca64a82e3589df021c96) Importer(815301076,1909f56bfc062723c751e8b465ee728b)  -> (artifact id: '0d4c3a6e5972896a4ce4e141c674c5a0') in 1.052137 seconds
  Import took 1.061888 seconds .

========================================================================
Received Prepare
Refreshing native plugins compatible for Editor in 1.01 ms, found 0 plugins.
Preloading 0 native plugins for Editor in 0.00 ms.
Unloading 4 Unused Serialized files (Serialized files now loaded: 0)
System memory in use before: 39.5 MB.
System memory in use after: 39.6 MB.

Unloading 3 unused Assets to reduce memory usage. Loaded Objects now: 1924.
Total: 7.987200 ms (FindLiveObjects: 0.360500 ms CreateObjectMapping: 0.089100 ms MarkObjects: 7.454300 ms  DeleteObjects: 0.081400 ms)

========================================================================
Received Import Request.
  Time since last request: 440.055318 seconds.
  path: Assets/Materials/FeatheredPlaneMaterial.mat
  artifactKey: Guid(5ebe2fa149f076542b65fc23664a70b2) Importer(815301076,1909f56bfc062723c751e8b465ee728b)
Start importing Assets/Materials/FeatheredPlaneMaterial.mat using Guid(5ebe2fa149f076542b65fc23664a70b2) Importer(815301076,1909f56bfc062723c751e8b465ee728b)  -> (artifact id: 'cfaef33b6a57bc6b8b04eb9ae62ce773') in 0.228418 seconds
  Import took 0.238973 seconds .

========================================================================
Received Import Request.
  Time since last request: 29.400795 seconds.
  path: Assets/Materials/FeatheredPlaneMaterial.mat
  artifactKey: Guid(5ebe2fa149f076542b65fc23664a70b2) Importer(815301076,1909f56bfc062723c751e8b465ee728b)
Start importing Assets/Materials/FeatheredPlaneMaterial.mat using Guid(5ebe2fa149f076542b65fc23664a70b2) Importer(815301076,1909f56bfc062723c751e8b465ee728b)  -> (artifact id: '7cfac9eca4c07a31028909969d03cbfd') in 0.050545 seconds
  Import took 0.054951 seconds .

========================================================================
Received Import Request.
  Time since last request: 28.956677 seconds.
  path: Assets/Prefabs/AR Feathered Plane.prefab
  artifactKey: Guid(4b4d3333b02539447a095e9e993ee0bb) Importer(815301076,1909f56bfc062723c751e8b465ee728b)
Start importing Assets/Prefabs/AR Feathered Plane.prefab using Guid(4b4d3333b02539447a095e9e993ee0bb) Importer(815301076,1909f56bfc062723c751e8b465ee728b)  -> (artifact id: 'a6e7128af4ff5eaccee284fac1f947a7') in 0.065315 seconds
  Import took 0.075810 seconds .

========================================================================
Received Prepare
Refreshing native plugins compatible for Editor in 1.09 ms, found 0 plugins.
Preloading 0 native plugins for Editor in 0.00 ms.
Unloading 3 Unused Serialized files (Serialized files now loaded: 0)
System memory in use before: 43.0 MB.
System memory in use after: 43.1 MB.

Unloading 3 unused Assets to reduce memory usage. Loaded Objects now: 1963.
Total: 3.895200 ms (FindLiveObjects: 0.264900 ms CreateObjectMapping: 0.154200 ms MarkObjects: 3.393300 ms  DeleteObjects: 0.080300 ms)

========================================================================
Received Import Request.
  Time since last request: 4701.379315 seconds.
  path: Assets/Scripts/ARFilteredPlane.cs
  artifactKey: Guid(85ea260a4b490b447bb0628b81ab379f) Importer(815301076,1909f56bfc062723c751e8b465ee728b)
Start importing Assets/Scripts/ARFilteredPlane.cs using Guid(85ea260a4b490b447bb0628b81ab379f) Importer(815301076,1909f56bfc062723c751e8b465ee728b)  -> (artifact id: '138f5cca73378772cff679727700794c') in 0.127131 seconds
  Import took 0.241009 seconds .

========================================================================
Received Import Request.
  Time since last request: 1.403534 seconds.
  path: Assets/Scripts/ARFeatheredPlaneMeshVisualizer.cs
  artifactKey: Guid(eb14a393d1391d44fa6ba876b15c7064) Importer(815301076,1909f56bfc062723c751e8b465ee728b)
Start importing Assets/Scripts/ARFeatheredPlaneMeshVisualizer.cs using Guid(eb14a393d1391d44fa6ba876b15c7064) Importer(815301076,1909f56bfc062723c751e8b465ee728b)  -> (artifact id: '903314247c36917ae9d05a0ec5c53e77') in 0.019105 seconds
  Import took 0.023825 seconds .

========================================================================
Received Prepare
Registering precompiled user dll's ...
Registered in 0.000854 seconds.
Begin MonoManager ReloadAssembly
Native extension for WindowsStandalone target not found
Native extension for WebGL target not found
Refreshing native plugins compatible for Editor in 0.49 ms, found 0 plugins.
Preloading 0 native plugins for Editor in 0.00 ms.
Mono: successfully reloaded assembly
- Completed reload, in  1.676 seconds
Platform modules already initialized, skipping
Switching build target platform(5) subTarget(0) extendedPlatform(0) -> platform(13) subTarget(524288) extendedPlatform(0)
Refreshing native plugins compatible for Editor in 0.56 ms, found 0 plugins.
Preloading 0 native plugins for Editor in 0.00 ms.
Unloading 1458 Unused Serialized files (Serialized files now loaded: 0)
System memory in use before: 71.6 MB.
System memory in use after: 71.7 MB.

Unloading 7 unused Assets to reduce memory usage. Loaded Objects now: 1967.
Total: 2.804700 ms (FindLiveObjects: 0.268800 ms CreateObjectMapping: 0.151600 ms MarkObjects: 2.293300 ms  DeleteObjects: 0.088700 ms)

AssetImportParameters requested are different than current active one (requested -> active):
  custom:graphics/normal-map-encoding: 01000000000000000000000000000000 -> 02000000000000000000000000000000
========================================================================
Received Import Request.
  Time since last request: 100.963587 seconds.
  path: Assets/Scripts/FilteredPlaneCanvas.cs
  artifactKey: Guid(38f4c99b1a42aaa47a8258436def40b2) Importer(815301076,1909f56bfc062723c751e8b465ee728b)
Start importing Assets/Scripts/FilteredPlaneCanvas.cs using Guid(38f4c99b1a42aaa47a8258436def40b2) Importer(815301076,1909f56bfc062723c751e8b465ee728b)  -> (artifact id: '371c7493a12f6d02af98a32e7f12561a') in 0.050125 seconds
  Import took 0.066840 seconds .

========================================================================
Received Prepare
Registering precompiled user dll's ...
Registered in 0.000860 seconds.
Begin MonoManager ReloadAssembly
Native extension for WindowsStandalone target not found
Native extension for WebGL target not found
Refreshing native plugins compatible for Editor in 0.49 ms, found 0 plugins.
Preloading 0 native plugins for Editor in 0.00 ms.
Mono: successfully reloaded assembly
- Completed reload, in  1.732 seconds
Platform modules already initialized, skipping
Switching build target platform(5) subTarget(0) extendedPlatform(0) -> platform(13) subTarget(524288) extendedPlatform(0)
Refreshing native plugins compatible for Editor in 0.41 ms, found 0 plugins.
Preloading 0 native plugins for Editor in 0.00 ms.
Unloading 1460 Unused Serialized files (Serialized files now loaded: 0)
System memory in use before: 71.8 MB.
System memory in use after: 71.8 MB.

Unloading 7 unused Assets to reduce memory usage. Loaded Objects now: 1972.
Total: 3.871600 ms (FindLiveObjects: 0.295200 ms CreateObjectMapping: 0.157900 ms MarkObjects: 2.934600 ms  DeleteObjects: 0.481100 ms)

AssetImportParameters requested are different than current active one (requested -> active):
  custom:graphics/normal-map-encoding: 01000000000000000000000000000000 -> 02000000000000000000000000000000
========================================================================
Received Prepare
Registering precompiled user dll's ...
Registered in 0.000923 seconds.
Begin MonoManager ReloadAssembly
Native extension for WindowsStandalone target not found
Native extension for WebGL target not found
Refreshing native plugins compatible for Editor in 0.42 ms, found 0 plugins.
Preloading 0 native plugins for Editor in 0.00 ms.
Mono: successfully reloaded assembly
- Completed reload, in  1.649 seconds
Platform modules already initialized, skipping
Switching build target platform(5) subTarget(0) extendedPlatform(0) -> platform(13) subTarget(524288) extendedPlatform(0)
Refreshing native plugins compatible for Editor in 0.44 ms, found 0 plugins.
Preloading 0 native plugins for Editor in 0.00 ms.
Unloading 1460 Unused Serialized files (Serialized files now loaded: 0)
System memory in use before: 71.8 MB.
System memory in use after: 71.8 MB.

Unloading 7 unused Assets to reduce memory usage. Loaded Objects now: 1976.
Total: 3.038800 ms (FindLiveObjects: 0.290800 ms CreateObjectMapping: 0.165200 ms MarkObjects: 2.477600 ms  DeleteObjects: 0.101800 ms)

AssetImportParameters requested are different than current active one (requested -> active):
  custom:graphics/normal-map-encoding: 01000000000000000000000000000000 -> 02000000000000000000000000000000
========================================================================
Received Import Request.
  Time since last request: 282.079655 seconds.
  path: Assets/Scripts/ARFilteredPlane.cs
  artifactKey: Guid(85ea260a4b490b447bb0628b81ab379f) Importer(815301076,1909f56bfc062723c751e8b465ee728b)
Start importing Assets/Scripts/ARFilteredPlane.cs using Guid(85ea260a4b490b447bb0628b81ab379f) Importer(815301076,1909f56bfc062723c751e8b465ee728b)  -> (artifact id: 'd89edbd5731d89e12e784400e23971f5') in 0.014848 seconds
  Import took 0.019185 seconds .

========================================================================
Received Prepare
Registering precompiled user dll's ...
Registered in 0.000861 seconds.
Begin MonoManager ReloadAssembly
Native extension for WindowsStandalone target not found
Native extension for WebGL target not found
Refreshing native plugins compatible for Editor in 0.42 ms, found 0 plugins.
Preloading 0 native plugins for Editor in 0.00 ms.
Mono: successfully reloaded assembly
- Completed reload, in  1.636 seconds
Platform modules already initialized, skipping
Switching build target platform(5) subTarget(0) extendedPlatform(0) -> platform(13) subTarget(524288) extendedPlatform(0)
Refreshing native plugins compatible for Editor in 0.41 ms, found 0 plugins.
Preloading 0 native plugins for Editor in 0.00 ms.
Unloading 1460 Unused Serialized files (Serialized files now loaded: 0)
System memory in use before: 71.8 MB.
System memory in use after: 71.9 MB.

Unloading 7 unused Assets to reduce memory usage. Loaded Objects now: 1980.
Total: 2.822700 ms (FindLiveObjects: 0.254500 ms CreateObjectMapping: 0.153800 ms MarkObjects: 2.324700 ms  DeleteObjects: 0.087700 ms)

AssetImportParameters requested are different than current active one (requested -> active):
  custom:graphics/normal-map-encoding: 01000000000000000000000000000000 -> 02000000000000000000000000000000
========================================================================
Received Import Request.
  Time since last request: 3298.167951 seconds.
  path: Packages/com.unity.xr.arfoundation/Runtime/AR/ARPlane.cs
  artifactKey: Guid(5f66da7470dce8f4d821d71dd2b1d4ac) Importer(815301076,1909f56bfc062723c751e8b465ee728b)
Start importing Packages/com.unity.xr.arfoundation/Runtime/AR/ARPlane.cs using Guid(5f66da7470dce8f4d821d71dd2b1d4ac) Importer(815301076,1909f56bfc062723c751e8b465ee728b)  -> (artifact id: 'd4cadc8b483e34791831d4cb5947d1ed') in 0.015083 seconds
  Import took 0.020216 seconds .

========================================================================
Received Import Request.
  Time since last request: 0.051451 seconds.
  path: Packages/com.unity.xr.arfoundation/Runtime/AR/ARPlane.cs
  artifactKey: Guid(5f66da7470dce8f4d821d71dd2b1d4ac) Importer(815301076,1909f56bfc062723c751e8b465ee728b)
Start importing Packages/com.unity.xr.arfoundation/Runtime/AR/ARPlane.cs using Guid(5f66da7470dce8f4d821d71dd2b1d4ac) Importer(815301076,1909f56bfc062723c751e8b465ee728b)  -> (artifact id: 'd4cadc8b483e34791831d4cb5947d1ed') in 0.005916 seconds
  Import took 0.017693 seconds .

========================================================================
Received Prepare
Registering precompiled user dll's ...
Registered in 0.000868 seconds.
Begin MonoManager ReloadAssembly
Native extension for WindowsStandalone target not found
Native extension for WebGL target not found
Refreshing native plugins compatible for Editor in 0.41 ms, found 0 plugins.
Preloading 0 native plugins for Editor in 0.00 ms.
Mono: successfully reloaded assembly
- Completed reload, in  1.562 seconds
Platform modules already initialized, skipping
Switching build target platform(5) subTarget(0) extendedPlatform(0) -> platform(13) subTarget(524288) extendedPlatform(0)
Refreshing native plugins compatible for Editor in 0.41 ms, found 0 plugins.
Preloading 0 native plugins for Editor in 0.00 ms.
Unloading 1460 Unused Serialized files (Serialized files now loaded: 0)
System memory in use before: 71.8 MB.
System memory in use after: 71.9 MB.

Unloading 7 unused Assets to reduce memory usage. Loaded Objects now: 1984.
Total: 2.722800 ms (FindLiveObjects: 0.247700 ms CreateObjectMapping: 0.147500 ms MarkObjects: 2.241400 ms  DeleteObjects: 0.084400 ms)

AssetImportParameters requested are different than current active one (requested -> active):
  custom:graphics/normal-map-encoding: 01000000000000000000000000000000 -> 02000000000000000000000000000000
========================================================================
Received Prepare
Registering precompiled user dll's ...
Registered in 0.000862 seconds.
Begin MonoManager ReloadAssembly
Native extension for WindowsStandalone target not found
Native extension for WebGL target not found
Refreshing native plugins compatible for Editor in 0.41 ms, found 0 plugins.
Preloading 0 native plugins for Editor in 0.00 ms.
Mono: successfully reloaded assembly
- Completed reload, in  1.643 seconds
Platform modules already initialized, skipping
Switching build target platform(5) subTarget(0) extendedPlatform(0) -> platform(13) subTarget(524288) extendedPlatform(0)
Refreshing native plugins compatible for Editor in 0.41 ms, found 0 plugins.
Preloading 0 native plugins for Editor in 0.00 ms.
Unloading 1460 Unused Serialized files (Serialized files now loaded: 0)
System memory in use before: 71.8 MB.
System memory in use after: 71.9 MB.

Unloading 7 unused Assets to reduce memory usage. Loaded Objects now: 1988.
Total: 2.717200 ms (FindLiveObjects: 0.260800 ms CreateObjectMapping: 0.150000 ms MarkObjects: 2.219300 ms  DeleteObjects: 0.085500 ms)

AssetImportParameters requested are different than current active one (requested -> active):
  custom:graphics/normal-map-encoding: 01000000000000000000000000000000 -> 02000000000000000000000000000000
========================================================================
Received Prepare
Registering precompiled user dll's ...
Registered in 0.001286 seconds.
Begin MonoManager ReloadAssembly
Native extension for WindowsStandalone target not found
Native extension for WebGL target not found
Refreshing native plugins compatible for Editor in 0.50 ms, found 0 plugins.
Preloading 0 native plugins for Editor in 0.00 ms.
Mono: successfully reloaded assembly
- Completed reload, in  1.657 seconds
Platform modules already initialized, skipping
Switching build target platform(5) subTarget(0) extendedPlatform(0) -> platform(13) subTarget(524288) extendedPlatform(0)
Refreshing native plugins compatible for Editor in 0.41 ms, found 0 plugins.
Preloading 0 native plugins for Editor in 0.00 ms.
Unloading 1460 Unused Serialized files (Serialized files now loaded: 0)
System memory in use before: 71.8 MB.
System memory in use after: 71.9 MB.

Unloading 7 unused Assets to reduce memory usage. Loaded Objects now: 1992.
Total: 2.868900 ms (FindLiveObjects: 0.264000 ms CreateObjectMapping: 0.154200 ms MarkObjects: 2.299700 ms  DeleteObjects: 0.148900 ms)

AssetImportParameters requested are different than current active one (requested -> active):
  custom:graphics/normal-map-encoding: 01000000000000000000000000000000 -> 02000000000000000000000000000000
========================================================================
Received Prepare
Refreshing native plugins compatible for Editor in 1.09 ms, found 0 plugins.
Preloading 0 native plugins for Editor in 0.00 ms.
Unloading 4 Unused Serialized files (Serialized files now loaded: 0)
System memory in use before: 43.0 MB.
System memory in use after: 43.0 MB.

Unloading 3 unused Assets to reduce memory usage. Loaded Objects now: 1993.
Total: 33.180200 ms (FindLiveObjects: 0.304200 ms CreateObjectMapping: 0.458800 ms MarkObjects: 32.320300 ms  DeleteObjects: 0.094800 ms)

AssetImportWorkerClient::OnTransportError - code=2 error=End of file
